c:\users\mdmun\documents\alphawingex-remake\componentframework\debug\vc143.pdb
c:\users\mdmun\documents\alphawingex-remake\componentframework\debug\vc143.idb
c:\users\mdmun\documents\alphawingex-remake\componentframework\debug\soundmanager.obj
c:\users\mdmun\documents\alphawingex-remake\componentframework\debug\sound.obj
c:\users\mdmun\documents\alphawingex-remake\componentframework\debug\shader.obj
c:\users\mdmun\documents\alphawingex-remake\componentframework\debug\scenetestjacky.obj
c:\users\mdmun\documents\alphawingex-remake\componentframework\debug\scenestg.obj
c:\users\mdmun\documents\alphawingex-remake\componentframework\debug\main.obj
c:\users\mdmun\documents\alphawingex-remake\componentframework\debug\scenemanager.obj
c:\users\mdmun\documents\alphawingex-remake\componentframework\debug\player.obj
c:\users\mdmun\documents\alphawingex-remake\componentframework\debug\mesh.obj
c:\users\mdmun\documents\alphawingex-remake\componentframework\debug\imgui_widgets.obj
c:\users\mdmun\documents\alphawingex-remake\componentframework\debug\imgui_tables.obj
c:\users\mdmun\documents\alphawingex-remake\componentframework\debug\imgui_impl_sdl3.obj
c:\users\mdmun\documents\alphawingex-remake\componentframework\debug\imgui_impl_opengl3.obj
c:\users\mdmun\documents\alphawingex-remake\componentframework\debug\imgui_draw.obj
c:\users\mdmun\documents\alphawingex-remake\componentframework\debug\imgui_demo.obj
c:\users\mdmun\documents\alphawingex-remake\componentframework\debug\imgui.obj
c:\users\mdmun\documents\alphawingex-remake\componentframework\debug\debug.obj
c:\users\mdmun\documents\alphawingex-remake\componentframework\debug\camera.obj
c:\users\mdmun\documents\alphawingex-remake\componentframework\debug\body.obj
c:\users\mdmun\documents\alphawingex-remake\componentframework\debug\window.obj
c:\users\mdmun\documents\alphawingex-remake\componentframework\debug\timer.obj
c:\users\mdmun\documents\alphawingex-remake\componentframework\debug\texture.obj
c:\users\mdmun\documents\alphawingex-remake\componentframework\debug\componen.614c2865.tlog\cl.command.1.tlog
c:\users\mdmun\documents\alphawingex-remake\componentframework\debug\componen.614c2865.tlog\cl.read.1.tlog
c:\users\mdmun\documents\alphawingex-remake\componentframework\debug\componen.614c2865.tlog\cl.write.1.tlog
